
> axolop-crm@1.2.0 dev:vite
> vite --host

Re-optimizing dependencies because lockfile has changed

  VITE v5.4.21  ready in 388 ms

  ➜  Local:   http://localhost:3000/
  ➜  Network: http://169.254.63.132:3000/
  ➜  Network: http://169.254.202.249:3000/
  ➜  Network: http://192.168.0.204:3000/
  ➜  Network: http://169.254.74.18:3000/
5:37:30 AM [vite] hmr update /frontend/components/layout/Sidebar.jsx, /frontend/styles/globals.css
5:44:33 AM [vite] hmr update /frontend/components/layout/Sidebar.jsx, /frontend/styles/globals.css
5:44:40 AM [vite] hmr update /frontend/components/layout/Sidebar.jsx, /frontend/styles/globals.css
5:52:04 AM [vite] http proxy error: /api/workflows
AggregateError [ECONNREFUSED]: 
    at internalConnectMultiple (node:net:1134:18)
    at afterConnectMultiple (node:net:1715:7)
5:52:04 AM [vite] http proxy error: /api/workflows
AggregateError [ECONNREFUSED]: 
    at internalConnectMultiple (node:net:1134:18)
    at afterConnectMultiple (node:net:1715:7)
5:52:04 AM [vite] http proxy error: /api/workflows/templates
AggregateError [ECONNREFUSED]: 
    at internalConnectMultiple (node:net:1134:18)
    at afterConnectMultiple (node:net:1715:7)
5:52:05 AM [vite] http proxy error: /api/workflows/templates
AggregateError [ECONNREFUSED]: 
    at internalConnectMultiple (node:net:1134:18)
    at afterConnectMultiple (node:net:1715:7)
5:52:16 AM [vite] http proxy error: /api/workflows
AggregateError [ECONNREFUSED]: 
    at internalConnectMultiple (node:net:1134:18)
    at afterConnectMultiple (node:net:1715:7)
5:52:16 AM [vite] http proxy error: /api/workflows
AggregateError [ECONNREFUSED]: 
    at internalConnectMultiple (node:net:1134:18)
    at afterConnectMultiple (node:net:1715:7)
5:52:16 AM [vite] http proxy error: /api/workflows/templates
AggregateError [ECONNREFUSED]: 
    at internalConnectMultiple (node:net:1134:18)
    at afterConnectMultiple (node:net:1715:7)
5:52:16 AM [vite] http proxy error: /api/workflows/templates
AggregateError [ECONNREFUSED]: 
    at internalConnectMultiple (node:net:1134:18)
    at afterConnectMultiple (node:net:1715:7)
5:52:46 AM [vite] hmr update /frontend/components/layout/Sidebar.jsx, /frontend/styles/globals.css
5:55:23 AM [vite] hmr update /frontend/components/layout/Sidebar.jsx, /frontend/styles/globals.css
5:55:30 AM [vite] hmr update /frontend/components/ChatSlideOver.jsx, /frontend/styles/globals.css
5:55:34 AM [vite] hmr update /frontend/components/TodoSlideOver.jsx, /frontend/styles/globals.css
5:55:38 AM [vite] hmr update /frontend/components/layout/MainLayout.jsx, /frontend/styles/globals.css
5:56:15 AM [vite] hmr update /frontend/components/ui/button.jsx, /frontend/styles/globals.css
5:56:15 AM [vite] hmr invalidate /frontend/components/ui/button.jsx Could not Fast Refresh ("buttonVariants" export is incompatible). Learn more at https://github.com/vitejs/vite-plugin-react/tree/main/packages/plugin-react#consistent-components-exports
5:56:15 AM [vite] hmr update /frontend/styles/globals.css, /frontend/pages/Settings.jsx, /frontend/pages/Profile.jsx, /frontend/pages/Activities.jsx, /frontend/pages/History.jsx, /frontend/pages/Opportunities.jsx, /frontend/pages/BillingSettings.jsx, /frontend/pages/Pipeline.jsx, /frontend/pages/Contacts.jsx, /frontend/pages/Inbox.jsx, /frontend/pages/Leads.jsx, /frontend/pages/Landing.jsx, /frontend/pages/IntegrationsSettings.jsx, /frontend/pages/AccountSettings.jsx, /frontend/pages/OrganizationSettings.jsx, /frontend/pages/FormBuilderV2.jsx, /frontend/pages/CustomizationSettings.jsx, /frontend/pages/CommunicationSettings.jsx, /frontend/pages/FormPreview.jsx, /frontend/pages/Forms.jsx, /frontend/pages/FormIntegrations.jsx, /frontend/pages/FormAnalytics.jsx, /frontend/pages/WorkflowsPage.jsx, /frontend/pages/TodoList.jsx, /frontend/pages/EmailMarketing.jsx, /frontend/pages/BookingEmbed.jsx, /frontend/pages/CreateCampaign.jsx, /frontend/pages/Meetings.jsx, /frontend/pages/FormBuilder.jsx, /frontend/pages/Dashboard.jsx, /frontend/pages/reports/ActivityComparison.jsx, /frontend/pages/reports/Explorer.jsx, /frontend/pages/reports/StatusChanges.jsx, /frontend/pages/reports/OpportunityFunnels.jsx, /frontend/pages/reports/ActivityOverview.jsx, /frontend/components/TodoSlideOver.jsx, /frontend/components/ChatSlideOver.jsx, /frontend/components/layout/Sidebar.jsx, /frontend/pages/Onboarding.jsx, /frontend/pages/formBuilder/ContentTab.jsx, /frontend/pages/formBuilder/ConnectTab.jsx, /frontend/pages/formBuilder/WorkflowTab.jsx, /frontend/components/email-marketing/EmailAnalytics.jsx, /frontend/pages/formBuilder/ResultsTab.jsx, /frontend/components/email-marketing/Newsletter.jsx, /frontend/pages/formBuilder/ShareTab.jsx, /frontend/components/SequentialQuestion.jsx, /frontend/components/workflows/EnhancedFlowBuilder.jsx, /frontend/components/email-marketing/FlowBuilder.jsx, /frontend/components/layout/ThemeToggle.jsx, /frontend/layouts/SecondBrainLayout.jsx, /frontend/components/meetings/CreateBookingDialog.jsx, /frontend/pages/formBuilder/QuestionSettingsPanel.jsx, /frontend/pages/formBuilder/ConditionalLogicEditor.jsx, /frontend/components/workflows/NodeEditorPanel.jsx, /frontend/components/meetings/BookingLinkPreview.jsx, /frontend/components/meetings/ColorPickerPopover.jsx, /frontend/components/MeetingsPanel.jsx, /frontend/components/CreateContactModal.jsx, /frontend/components/FilterModal.jsx, /frontend/components/ComposeEmailModal.jsx, /frontend/components/CreateLeadModal.jsx, /frontend/components/LeadImportModal.jsx, /frontend/components/dashboard/SavePresetModal.jsx, /frontend/components/dashboard/WidgetSelector.jsx, /frontend/components/KateOnboarding.jsx, /frontend/components/ui/calendar.jsx
5:56:21 AM [vite] hmr update /frontend/components/layout/Sidebar.jsx, /frontend/styles/globals.css
5:57:37 AM [vite] hmr update /frontend/styles/globals.css
5:58:11 AM [vite] hmr update /frontend/styles/globals.css
5:59:14 AM [vite] hmr update /frontend/components/layout/Sidebar.jsx, /frontend/styles/globals.css
6:00:18 AM [vite] hmr update /frontend/components/layout/Sidebar.jsx, /frontend/styles/globals.css
6:02:24 AM [vite] hmr update /frontend/components/layout/Sidebar.jsx, /frontend/styles/globals.css
6:02:25 AM [vite] hmr update /frontend/components/AffiliatePopup.jsx, /frontend/styles/globals.css
6:02:53 AM [vite] hmr update /frontend/components/AffiliatePopup.jsx, /frontend/styles/globals.css
6:03:13 AM [vite] hmr update /frontend/components/layout/Sidebar.jsx, /frontend/styles/globals.css
6:04:18 AM [vite] hmr update /frontend/components/layout/MainLayout.jsx, /frontend/styles/globals.css
6:05:47 AM [vite] hmr update /frontend/styles/globals.css, /frontend/pages/Dashboard.jsx
6:05:59 AM [vite] hmr update /frontend/pages/Dashboard.jsx, /frontend/styles/globals.css
6:06:23 AM [vite] page reload frontend/components/ui/loading.jsx
6:06:30 AM [vite] hmr update /frontend/pages/Dashboard.jsx, /frontend/styles/globals.css
6:06:35 AM [vite] hmr update /frontend/pages/Dashboard.jsx, /frontend/styles/globals.css
6:06:52 AM [vite] hmr update /frontend/pages/Dashboard.jsx, /frontend/styles/globals.css
6:06:56 AM [vite] page reload frontend/components/ui/loading.jsx
6:07:01 AM [vite] hmr update /frontend/pages/Dashboard.jsx, /frontend/styles/globals.css
6:07:19 AM [vite] hmr update /frontend/pages/Dashboard.jsx, /frontend/styles/globals.css
6:07:34 AM [vite] page reload frontend/components/ui/loading.jsx
6:07:44 AM [vite] hmr update /frontend/pages/Dashboard.jsx, /frontend/styles/globals.css
6:07:50 AM [vite] hmr update /frontend/pages/Dashboard.jsx, /frontend/styles/globals.css
6:07:57 AM [vite] hmr update /frontend/pages/Dashboard.jsx, /frontend/styles/globals.css
6:08:06 AM [vite] hmr update /frontend/pages/Dashboard.jsx, /frontend/styles/globals.css
6:08:25 AM [vite] hmr update /frontend/pages/Dashboard.jsx, /frontend/styles/globals.css
6:08:34 AM [vite] hmr update /frontend/pages/Dashboard.jsx, /frontend/styles/globals.css
6:08:42 AM [vite] hmr update /frontend/pages/Dashboard.jsx, /frontend/styles/globals.css
6:08:47 AM [vite] hmr update /frontend/pages/Dashboard.jsx, /frontend/styles/globals.css
6:09:22 AM [vite] hmr update /frontend/pages/Dashboard.jsx, /frontend/styles/globals.css
6:09:52 AM [vite] hmr update /frontend/pages/Dashboard.jsx, /frontend/styles/globals.css
6:14:30 AM [vite] hmr update /frontend/components/AffiliatePopup.jsx, /frontend/styles/globals.css
6:17:21 AM [vite] hmr update /frontend/pages/Dashboard.jsx, /frontend/styles/globals.css
6:17:36 AM [vite] hmr update /frontend/pages/Dashboard.jsx, /frontend/styles/globals.css
6:19:20 AM [vite] hmr update /frontend/pages/Dashboard.jsx, /frontend/styles/globals.css
6:20:05 AM [vite] hmr update /frontend/pages/Dashboard.jsx, /frontend/styles/globals.css
6:21:57 AM [vite] hmr update /frontend/pages/Dashboard.jsx, /frontend/styles/globals.css
6:22:07 AM [vite] hmr update /frontend/pages/Dashboard.jsx, /frontend/styles/globals.css
6:22:07 AM [vite] Internal server error: /Users/jdromeroherrera/Desktop/CODE/axolopcrm/website/frontend/pages/Dashboard.jsx: Expected corresponding JSX closing tag for <motion.div>. (1250:14)

  1248 |                   {renderWidget(widget)}
  1249 |                 </div>
> 1250 |               </div>
       |               ^
  1251 |             ))}
  1252 |             </ResponsiveGridLayout>
  1253 |           )}
  Plugin: vite:react-babel
  File: /Users/jdromeroherrera/Desktop/CODE/axolopcrm/website/frontend/pages/Dashboard.jsx:1250:14
  1248|                    {renderWidget(widget)}
  1249|                  </div>
  1250|                </div>
     |                ^
  1251|              ))}
  1252|              </ResponsiveGridLayout>
      at constructor (/Users/jdromeroherrera/Desktop/CODE/axolopcrm/website/node_modules/@babel/parser/lib/index.js:367:19)
      at JSXParserMixin.raise (/Users/jdromeroherrera/Desktop/CODE/axolopcrm/website/node_modules/@babel/parser/lib/index.js:6624:19)
      at JSXParserMixin.jsxParseElementAt (/Users/jdromeroherrera/Desktop/CODE/axolopcrm/website/node_modules/@babel/parser/lib/index.js:4756:16)
      at JSXParserMixin.jsxParseElement (/Users/jdromeroherrera/Desktop/CODE/axolopcrm/website/node_modules/@babel/parser/lib/index.js:4778:17)
      at JSXParserMixin.parseExprAtom (/Users/jdromeroherrera/Desktop/CODE/axolopcrm/website/node_modules/@babel/parser/lib/index.js:4788:19)
      at JSXParserMixin.parseExprSubscripts (/Users/jdromeroherrera/Desktop/CODE/axolopcrm/website/node_modules/@babel/parser/lib/index.js:11145:23)
      at JSXParserMixin.parseUpdate (/Users/jdromeroherrera/Desktop/CODE/axolopcrm/website/node_modules/@babel/parser/lib/index.js:11130:21)
      at JSXParserMixin.parseMaybeUnary (/Users/jdromeroherrera/Desktop/CODE/axolopcrm/website/node_modules/@babel/parser/lib/index.js:11110:23)
      at JSXParserMixin.parseMaybeUnaryOrPrivate (/Users/jdromeroherrera/Desktop/CODE/axolopcrm/website/node_modules/@babel/parser/lib/index.js:10963:61)
      at JSXParserMixin.parseExprOps (/Users/jdromeroherrera/Desktop/CODE/axolopcrm/website/node_modules/@babel/parser/lib/index.js:10968:23)
      at JSXParserMixin.parseMaybeConditional (/Users/jdromeroherrera/Desktop/CODE/axolopcrm/website/node_modules/@babel/parser/lib/index.js:10945:23)
      at JSXParserMixin.parseMaybeAssign (/Users/jdromeroherrera/Desktop/CODE/axolopcrm/website/node_modules/@babel/parser/lib/index.js:10895:21)
      at /Users/jdromeroherrera/Desktop/CODE/axolopcrm/website/node_modules/@babel/parser/lib/index.js:10864:39
      at JSXParserMixin.allowInAnd (/Users/jdromeroherrera/Desktop/CODE/axolopcrm/website/node_modules/@babel/parser/lib/index.js:12500:12)
      at JSXParserMixin.parseMaybeAssignAllowIn (/Users/jdromeroherrera/Desktop/CODE/axolopcrm/website/node_modules/@babel/parser/lib/index.js:10864:17)
      at JSXParserMixin.parseMaybeAssignAllowInOrVoidPattern (/Users/jdromeroherrera/Desktop/CODE/axolopcrm/website/node_modules/@babel/parser/lib/index.js:12567:17)
      at JSXParserMixin.parseParenAndDistinguishExpression (/Users/jdromeroherrera/Desktop/CODE/axolopcrm/website/node_modules/@babel/parser/lib/index.js:11747:28)
      at JSXParserMixin.parseExprAtom (/Users/jdromeroherrera/Desktop/CODE/axolopcrm/website/node_modules/@babel/parser/lib/index.js:11395:23)
      at JSXParserMixin.parseExprAtom (/Users/jdromeroherrera/Desktop/CODE/axolopcrm/website/node_modules/@babel/parser/lib/index.js:4793:20)
      at JSXParserMixin.parseExprSubscripts (/Users/jdromeroherrera/Desktop/CODE/axolopcrm/website/node_modules/@babel/parser/lib/index.js:11145:23)
      at JSXParserMixin.parseUpdate (/Users/jdromeroherrera/Desktop/CODE/axolopcrm/website/node_modules/@babel/parser/lib/index.js:11130:21)
      at JSXParserMixin.parseMaybeUnary (/Users/jdromeroherrera/Desktop/CODE/axolopcrm/website/node_modules/@babel/parser/lib/index.js:11110:23)
      at JSXParserMixin.parseMaybeUnaryOrPrivate (/Users/jdromeroherrera/Desktop/CODE/axolopcrm/website/node_modules/@babel/parser/lib/index.js:10963:61)
      at JSXParserMixin.parseExprOps (/Users/jdromeroherrera/Desktop/CODE/axolopcrm/website/node_modules/@babel/parser/lib/index.js:10968:23)
      at JSXParserMixin.parseMaybeConditional (/Users/jdromeroherrera/Desktop/CODE/axolopcrm/website/node_modules/@babel/parser/lib/index.js:10945:23)
      at JSXParserMixin.parseMaybeAssign (/Users/jdromeroherrera/Desktop/CODE/axolopcrm/website/node_modules/@babel/parser/lib/index.js:10895:21)
      at JSXParserMixin.parseFunctionBody (/Users/jdromeroherrera/Desktop/CODE/axolopcrm/website/node_modules/@babel/parser/lib/index.js:12167:24)
      at JSXParserMixin.parseArrowExpression (/Users/jdromeroherrera/Desktop/CODE/axolopcrm/website/node_modules/@babel/parser/lib/index.js:12149:10)
      at JSXParserMixin.parseParenAndDistinguishExpression (/Users/jdromeroherrera/Desktop/CODE/axolopcrm/website/node_modules/@babel/parser/lib/index.js:11759:12)
      at JSXParserMixin.parseExprAtom (/Users/jdromeroherrera/Desktop/CODE/axolopcrm/website/node_modules/@babel/parser/lib/index.js:11395:23)
      at JSXParserMixin.parseExprAtom (/Users/jdromeroherrera/Desktop/CODE/axolopcrm/website/node_modules/@babel/parser/lib/index.js:4793:20)
      at JSXParserMixin.parseExprSubscripts (/Users/jdromeroherrera/Desktop/CODE/axolopcrm/website/node_modules/@babel/parser/lib/index.js:11145:23)
      at JSXParserMixin.parseUpdate (/Users/jdromeroherrera/Desktop/CODE/axolopcrm/website/node_modules/@babel/parser/lib/index.js:11130:21)
      at JSXParserMixin.parseMaybeUnary (/Users/jdromeroherrera/Desktop/CODE/axolopcrm/website/node_modules/@babel/parser/lib/index.js:11110:23)
      at JSXParserMixin.parseMaybeUnaryOrPrivate (/Users/jdromeroherrera/Desktop/CODE/axolopcrm/website/node_modules/@babel/parser/lib/index.js:10963:61)
      at JSXParserMixin.parseExprOps (/Users/jdromeroherrera/Desktop/CODE/axolopcrm/website/node_modules/@babel/parser/lib/index.js:10968:23)
      at JSXParserMixin.parseMaybeConditional (/Users/jdromeroherrera/Desktop/CODE/axolopcrm/website/node_modules/@babel/parser/lib/index.js:10945:23)
      at JSXParserMixin.parseMaybeAssign (/Users/jdromeroherrera/Desktop/CODE/axolopcrm/website/node_modules/@babel/parser/lib/index.js:10895:21)
      at /Users/jdromeroherrera/Desktop/CODE/axolopcrm/website/node_modules/@babel/parser/lib/index.js:10864:39
      at JSXParserMixin.allowInAnd (/Users/jdromeroherrera/Desktop/CODE/axolopcrm/website/node_modules/@babel/parser/lib/index.js:12500:12)
      at JSXParserMixin.parseMaybeAssignAllowIn (/Users/jdromeroherrera/Desktop/CODE/axolopcrm/website/node_modules/@babel/parser/lib/index.js:10864:17)
      at JSXParserMixin.parseMaybeAssignAllowInOrVoidPattern (/Users/jdromeroherrera/Desktop/CODE/axolopcrm/website/node_modules/@babel/parser/lib/index.js:12567:17)
      at JSXParserMixin.parseExprListItem (/Users/jdromeroherrera/Desktop/CODE/axolopcrm/website/node_modules/@babel/parser/lib/index.js:12249:18)
      at JSXParserMixin.parseCallExpressionArguments (/Users/jdromeroherrera/Desktop/CODE/axolopcrm/website/node_modules/@babel/parser/lib/index.js:11316:22)
      at JSXParserMixin.parseCoverCallAndAsyncArrowHead (/Users/jdromeroherrera/Desktop/CODE/axolopcrm/website/node_modules/@babel/parser/lib/index.js:11250:29)
      at JSXParserMixin.parseSubscript (/Users/jdromeroherrera/Desktop/CODE/axolopcrm/website/node_modules/@babel/parser/lib/index.js:11184:19)
      at JSXParserMixin.parseSubscripts (/Users/jdromeroherrera/Desktop/CODE/axolopcrm/website/node_modules/@babel/parser/lib/index.js:11158:19)
      at JSXParserMixin.parseExprSubscripts (/Users/jdromeroherrera/Desktop/CODE/axolopcrm/website/node_modules/@babel/parser/lib/index.js:11149:17)
      at JSXParserMixin.parseUpdate (/Users/jdromeroherrera/Desktop/CODE/axolopcrm/website/node_modules/@babel/parser/lib/index.js:11130:21)
      at JSXParserMixin.parseMaybeUnary (/Users/jdromeroherrera/Desktop/CODE/axolopcrm/website/node_modules/@babel/parser/lib/index.js:11110:23)
6:22:07 AM [vite] Internal server error: /Users/jdromeroherrera/Desktop/CODE/axolopcrm/website/frontend/pages/Dashboard.jsx: Expected corresponding JSX closing tag for <motion.div>. (1250:14)

  1248 |                   {renderWidget(widget)}
  1249 |                 </div>
> 1250 |               </div>
       |               ^
  1251 |             ))}
  1252 |             </ResponsiveGridLayout>
  1253 |           )}
  Plugin: vite:react-babel
  File: /Users/jdromeroherrera/Desktop/CODE/axolopcrm/website/frontend/pages/Dashboard.jsx:1250:14
  1248|                    {renderWidget(widget)}
  1249|                  </div>
  1250|                </div>
     |                ^
  1251|              ))}
  1252|              </ResponsiveGridLayout>
      at constructor (/Users/jdromeroherrera/Desktop/CODE/axolopcrm/website/node_modules/@babel/parser/lib/index.js:367:19)
      at JSXParserMixin.raise (/Users/jdromeroherrera/Desktop/CODE/axolopcrm/website/node_modules/@babel/parser/lib/index.js:6624:19)
      at JSXParserMixin.jsxParseElementAt (/Users/jdromeroherrera/Desktop/CODE/axolopcrm/website/node_modules/@babel/parser/lib/index.js:4756:16)
      at JSXParserMixin.jsxParseElement (/Users/jdromeroherrera/Desktop/CODE/axolopcrm/website/node_modules/@babel/parser/lib/index.js:4778:17)
      at JSXParserMixin.parseExprAtom (/Users/jdromeroherrera/Desktop/CODE/axolopcrm/website/node_modules/@babel/parser/lib/index.js:4788:19)
      at JSXParserMixin.parseExprSubscripts (/Users/jdromeroherrera/Desktop/CODE/axolopcrm/website/node_modules/@babel/parser/lib/index.js:11145:23)
      at JSXParserMixin.parseUpdate (/Users/jdromeroherrera/Desktop/CODE/axolopcrm/website/node_modules/@babel/parser/lib/index.js:11130:21)
      at JSXParserMixin.parseMaybeUnary (/Users/jdromeroherrera/Desktop/CODE/axolopcrm/website/node_modules/@babel/parser/lib/index.js:11110:23)
      at JSXParserMixin.parseMaybeUnaryOrPrivate (/Users/jdromeroherrera/Desktop/CODE/axolopcrm/website/node_modules/@babel/parser/lib/index.js:10963:61)
      at JSXParserMixin.parseExprOps (/Users/jdromeroherrera/Desktop/CODE/axolopcrm/website/node_modules/@babel/parser/lib/index.js:10968:23)
      at JSXParserMixin.parseMaybeConditional (/Users/jdromeroherrera/Desktop/CODE/axolopcrm/website/node_modules/@babel/parser/lib/index.js:10945:23)
      at JSXParserMixin.parseMaybeAssign (/Users/jdromeroherrera/Desktop/CODE/axolopcrm/website/node_modules/@babel/parser/lib/index.js:10895:21)
      at /Users/jdromeroherrera/Desktop/CODE/axolopcrm/website/node_modules/@babel/parser/lib/index.js:10864:39
      at JSXParserMixin.allowInAnd (/Users/jdromeroherrera/Desktop/CODE/axolopcrm/website/node_modules/@babel/parser/lib/index.js:12500:12)
      at JSXParserMixin.parseMaybeAssignAllowIn (/Users/jdromeroherrera/Desktop/CODE/axolopcrm/website/node_modules/@babel/parser/lib/index.js:10864:17)
      at JSXParserMixin.parseMaybeAssignAllowInOrVoidPattern (/Users/jdromeroherrera/Desktop/CODE/axolopcrm/website/node_modules/@babel/parser/lib/index.js:12567:17)
      at JSXParserMixin.parseParenAndDistinguishExpression (/Users/jdromeroherrera/Desktop/CODE/axolopcrm/website/node_modules/@babel/parser/lib/index.js:11747:28)
      at JSXParserMixin.parseExprAtom (/Users/jdromeroherrera/Desktop/CODE/axolopcrm/website/node_modules/@babel/parser/lib/index.js:11395:23)
      at JSXParserMixin.parseExprAtom (/Users/jdromeroherrera/Desktop/CODE/axolopcrm/website/node_modules/@babel/parser/lib/index.js:4793:20)
      at JSXParserMixin.parseExprSubscripts (/Users/jdromeroherrera/Desktop/CODE/axolopcrm/website/node_modules/@babel/parser/lib/index.js:11145:23)
      at JSXParserMixin.parseUpdate (/Users/jdromeroherrera/Desktop/CODE/axolopcrm/website/node_modules/@babel/parser/lib/index.js:11130:21)
      at JSXParserMixin.parseMaybeUnary (/Users/jdromeroherrera/Desktop/CODE/axolopcrm/website/node_modules/@babel/parser/lib/index.js:11110:23)
      at JSXParserMixin.parseMaybeUnaryOrPrivate (/Users/jdromeroherrera/Desktop/CODE/axolopcrm/website/node_modules/@babel/parser/lib/index.js:10963:61)
      at JSXParserMixin.parseExprOps (/Users/jdromeroherrera/Desktop/CODE/axolopcrm/website/node_modules/@babel/parser/lib/index.js:10968:23)
      at JSXParserMixin.parseMaybeConditional (/Users/jdromeroherrera/Desktop/CODE/axolopcrm/website/node_modules/@babel/parser/lib/index.js:10945:23)
      at JSXParserMixin.parseMaybeAssign (/Users/jdromeroherrera/Desktop/CODE/axolopcrm/website/node_modules/@babel/parser/lib/index.js:10895:21)
      at JSXParserMixin.parseFunctionBody (/Users/jdromeroherrera/Desktop/CODE/axolopcrm/website/node_modules/@babel/parser/lib/index.js:12167:24)
      at JSXParserMixin.parseArrowExpression (/Users/jdromeroherrera/Desktop/CODE/axolopcrm/website/node_modules/@babel/parser/lib/index.js:12149:10)
      at JSXParserMixin.parseParenAndDistinguishExpression (/Users/jdromeroherrera/Desktop/CODE/axolopcrm/website/node_modules/@babel/parser/lib/index.js:11759:12)
      at JSXParserMixin.parseExprAtom (/Users/jdromeroherrera/Desktop/CODE/axolopcrm/website/node_modules/@babel/parser/lib/index.js:11395:23)
      at JSXParserMixin.parseExprAtom (/Users/jdromeroherrera/Desktop/CODE/axolopcrm/website/node_modules/@babel/parser/lib/index.js:4793:20)
      at JSXParserMixin.parseExprSubscripts (/Users/jdromeroherrera/Desktop/CODE/axolopcrm/website/node_modules/@babel/parser/lib/index.js:11145:23)
      at JSXParserMixin.parseUpdate (/Users/jdromeroherrera/Desktop/CODE/axolopcrm/website/node_modules/@babel/parser/lib/index.js:11130:21)
      at JSXParserMixin.parseMaybeUnary (/Users/jdromeroherrera/Desktop/CODE/axolopcrm/website/node_modules/@babel/parser/lib/index.js:11110:23)
      at JSXParserMixin.parseMaybeUnaryOrPrivate (/Users/jdromeroherrera/Desktop/CODE/axolopcrm/website/node_modules/@babel/parser/lib/index.js:10963:61)
      at JSXParserMixin.parseExprOps (/Users/jdromeroherrera/Desktop/CODE/axolopcrm/website/node_modules/@babel/parser/lib/index.js:10968:23)
      at JSXParserMixin.parseMaybeConditional (/Users/jdromeroherrera/Desktop/CODE/axolopcrm/website/node_modules/@babel/parser/lib/index.js:10945:23)
      at JSXParserMixin.parseMaybeAssign (/Users/jdromeroherrera/Desktop/CODE/axolopcrm/website/node_modules/@babel/parser/lib/index.js:10895:21)
      at /Users/jdromeroherrera/Desktop/CODE/axolopcrm/website/node_modules/@babel/parser/lib/index.js:10864:39
      at JSXParserMixin.allowInAnd (/Users/jdromeroherrera/Desktop/CODE/axolopcrm/website/node_modules/@babel/parser/lib/index.js:12500:12)
      at JSXParserMixin.parseMaybeAssignAllowIn (/Users/jdromeroherrera/Desktop/CODE/axolopcrm/website/node_modules/@babel/parser/lib/index.js:10864:17)
      at JSXParserMixin.parseMaybeAssignAllowInOrVoidPattern (/Users/jdromeroherrera/Desktop/CODE/axolopcrm/website/node_modules/@babel/parser/lib/index.js:12567:17)
      at JSXParserMixin.parseExprListItem (/Users/jdromeroherrera/Desktop/CODE/axolopcrm/website/node_modules/@babel/parser/lib/index.js:12249:18)
      at JSXParserMixin.parseCallExpressionArguments (/Users/jdromeroherrera/Desktop/CODE/axolopcrm/website/node_modules/@babel/parser/lib/index.js:11316:22)
      at JSXParserMixin.parseCoverCallAndAsyncArrowHead (/Users/jdromeroherrera/Desktop/CODE/axolopcrm/website/node_modules/@babel/parser/lib/index.js:11250:29)
      at JSXParserMixin.parseSubscript (/Users/jdromeroherrera/Desktop/CODE/axolopcrm/website/node_modules/@babel/parser/lib/index.js:11184:19)
      at JSXParserMixin.parseSubscripts (/Users/jdromeroherrera/Desktop/CODE/axolopcrm/website/node_modules/@babel/parser/lib/index.js:11158:19)
      at JSXParserMixin.parseExprSubscripts (/Users/jdromeroherrera/Desktop/CODE/axolopcrm/website/node_modules/@babel/parser/lib/index.js:11149:17)
      at JSXParserMixin.parseUpdate (/Users/jdromeroherrera/Desktop/CODE/axolopcrm/website/node_modules/@babel/parser/lib/index.js:11130:21)
      at JSXParserMixin.parseMaybeUnary (/Users/jdromeroherrera/Desktop/CODE/axolopcrm/website/node_modules/@babel/parser/lib/index.js:11110:23)
6:22:11 AM [vite] hmr update /frontend/components/layout/Sidebar.jsx, /frontend/styles/globals.css
6:22:13 AM [vite] hmr update /frontend/pages/Dashboard.jsx, /frontend/styles/globals.css
6:22:36 AM [vite] hmr update /frontend/components/layout/Sidebar.jsx, /frontend/styles/globals.css
6:23:05 AM [vite] hmr update /frontend/components/layout/Sidebar.jsx, /frontend/styles/globals.css
6:23:05 AM [vite] Internal server error: /Users/jdromeroherrera/Desktop/CODE/axolopcrm/website/frontend/components/layout/Sidebar.jsx: Unterminated JSX contents. (784:10)

  782 |         </Dialog>
  783 |       </div>
> 784 |     </div>
      |           ^
  785 |   );
  786 | }
  787 |
  Plugin: vite:react-babel
  File: /Users/jdromeroherrera/Desktop/CODE/axolopcrm/website/frontend/components/layout/Sidebar.jsx:784:10
  782|          </Dialog>
  783|        </div>
  784|      </div>
     |            ^
  785|    );
  786|  }
      at constructor (/Users/jdromeroherrera/Desktop/CODE/axolopcrm/website/node_modules/@babel/parser/lib/index.js:367:19)
      at JSXParserMixin.raise (/Users/jdromeroherrera/Desktop/CODE/axolopcrm/website/node_modules/@babel/parser/lib/index.js:6624:19)
      at JSXParserMixin.jsxReadToken (/Users/jdromeroherrera/Desktop/CODE/axolopcrm/website/node_modules/@babel/parser/lib/index.js:4477:20)
      at JSXParserMixin.getTokenFromCode (/Users/jdromeroherrera/Desktop/CODE/axolopcrm/website/node_modules/@babel/parser/lib/index.js:4803:12)
      at JSXParserMixin.nextToken (/Users/jdromeroherrera/Desktop/CODE/axolopcrm/website/node_modules/@babel/parser/lib/index.js:5807:10)
      at JSXParserMixin.next (/Users/jdromeroherrera/Desktop/CODE/axolopcrm/website/node_modules/@babel/parser/lib/index.js:5717:10)
      at JSXParserMixin.eat (/Users/jdromeroherrera/Desktop/CODE/axolopcrm/website/node_modules/@babel/parser/lib/index.js:5721:12)
      at JSXParserMixin.expect (/Users/jdromeroherrera/Desktop/CODE/axolopcrm/website/node_modules/@babel/parser/lib/index.js:6923:15)
      at JSXParserMixin.jsxParseClosingElementAt (/Users/jdromeroherrera/Desktop/CODE/axolopcrm/website/node_modules/@babel/parser/lib/index.js:4709:10)
      at JSXParserMixin.jsxParseElementAt (/Users/jdromeroherrera/Desktop/CODE/axolopcrm/website/node_modules/@babel/parser/lib/index.js:4724:37)
      at JSXParserMixin.jsxParseElementAt (/Users/jdromeroherrera/Desktop/CODE/axolopcrm/website/node_modules/@babel/parser/lib/index.js:4727:32)
      at JSXParserMixin.jsxParseElement (/Users/jdromeroherrera/Desktop/CODE/axolopcrm/website/node_modules/@babel/parser/lib/index.js:4778:17)
      at JSXParserMixin.parseExprAtom (/Users/jdromeroherrera/Desktop/CODE/axolopcrm/website/node_modules/@babel/parser/lib/index.js:4788:19)
      at JSXParserMixin.parseExprSubscripts (/Users/jdromeroherrera/Desktop/CODE/axolopcrm/website/node_modules/@babel/parser/lib/index.js:11145:23)
      at JSXParserMixin.parseUpdate (/Users/jdromeroherrera/Desktop/CODE/axolopcrm/website/node_modules/@babel/parser/lib/index.js:11130:21)
      at JSXParserMixin.parseMaybeUnary (/Users/jdromeroherrera/Desktop/CODE/axolopcrm/website/node_modules/@babel/parser/lib/index.js:11110:23)
      at JSXParserMixin.parseMaybeUnaryOrPrivate (/Users/jdromeroherrera/Desktop/CODE/axolopcrm/website/node_modules/@babel/parser/lib/index.js:10963:61)
      at JSXParserMixin.parseExprOps (/Users/jdromeroherrera/Desktop/CODE/axolopcrm/website/node_modules/@babel/parser/lib/index.js:10968:23)
      at JSXParserMixin.parseMaybeConditional (/Users/jdromeroherrera/Desktop/CODE/axolopcrm/website/node_modules/@babel/parser/lib/index.js:10945:23)
      at JSXParserMixin.parseMaybeAssign (/Users/jdromeroherrera/Desktop/CODE/axolopcrm/website/node_modules/@babel/parser/lib/index.js:10895:21)
      at /Users/jdromeroherrera/Desktop/CODE/axolopcrm/website/node_modules/@babel/parser/lib/index.js:10864:39
      at JSXParserMixin.allowInAnd (/Users/jdromeroherrera/Desktop/CODE/axolopcrm/website/node_modules/@babel/parser/lib/index.js:12500:12)
      at JSXParserMixin.parseMaybeAssignAllowIn (/Users/jdromeroherrera/Desktop/CODE/axolopcrm/website/node_modules/@babel/parser/lib/index.js:10864:17)
      at JSXParserMixin.parseMaybeAssignAllowInOrVoidPattern (/Users/jdromeroherrera/Desktop/CODE/axolopcrm/website/node_modules/@babel/parser/lib/index.js:12567:17)
      at JSXParserMixin.parseParenAndDistinguishExpression (/Users/jdromeroherrera/Desktop/CODE/axolopcrm/website/node_modules/@babel/parser/lib/index.js:11747:28)
      at JSXParserMixin.parseExprAtom (/Users/jdromeroherrera/Desktop/CODE/axolopcrm/website/node_modules/@babel/parser/lib/index.js:11395:23)
      at JSXParserMixin.parseExprAtom (/Users/jdromeroherrera/Desktop/CODE/axolopcrm/website/node_modules/@babel/parser/lib/index.js:4793:20)
      at JSXParserMixin.parseExprSubscripts (/Users/jdromeroherrera/Desktop/CODE/axolopcrm/website/node_modules/@babel/parser/lib/index.js:11145:23)
      at JSXParserMixin.parseUpdate (/Users/jdromeroherrera/Desktop/CODE/axolopcrm/website/node_modules/@babel/parser/lib/index.js:11130:21)
      at JSXParserMixin.parseMaybeUnary (/Users/jdromeroherrera/Desktop/CODE/axolopcrm/website/node_modules/@babel/parser/lib/index.js:11110:23)
      at JSXParserMixin.parseMaybeUnaryOrPrivate (/Users/jdromeroherrera/Desktop/CODE/axolopcrm/website/node_modules/@babel/parser/lib/index.js:10963:61)
      at JSXParserMixin.parseExprOps (/Users/jdromeroherrera/Desktop/CODE/axolopcrm/website/node_modules/@babel/parser/lib/index.js:10968:23)
      at JSXParserMixin.parseMaybeConditional (/Users/jdromeroherrera/Desktop/CODE/axolopcrm/website/node_modules/@babel/parser/lib/index.js:10945:23)
      at JSXParserMixin.parseMaybeAssign (/Users/jdromeroherrera/Desktop/CODE/axolopcrm/website/node_modules/@babel/parser/lib/index.js:10895:21)
      at JSXParserMixin.parseExpressionBase (/Users/jdromeroherrera/Desktop/CODE/axolopcrm/website/node_modules/@babel/parser/lib/index.js:10848:23)
      at /Users/jdromeroherrera/Desktop/CODE/axolopcrm/website/node_modules/@babel/parser/lib/index.js:10844:39
      at JSXParserMixin.allowInAnd (/Users/jdromeroherrera/Desktop/CODE/axolopcrm/website/node_modules/@babel/parser/lib/index.js:12495:16)
      at JSXParserMixin.parseExpression (/Users/jdromeroherrera/Desktop/CODE/axolopcrm/website/node_modules/@babel/parser/lib/index.js:10844:17)
      at JSXParserMixin.parseReturnStatement (/Users/jdromeroherrera/Desktop/CODE/axolopcrm/website/node_modules/@babel/parser/lib/index.js:13218:28)
      at JSXParserMixin.parseStatementContent (/Users/jdromeroherrera/Desktop/CODE/axolopcrm/website/node_modules/@babel/parser/lib/index.js:12874:21)
      at JSXParserMixin.parseStatementLike (/Users/jdromeroherrera/Desktop/CODE/axolopcrm/website/node_modules/@babel/parser/lib/index.js:12843:17)
      at JSXParserMixin.parseStatementListItem (/Users/jdromeroherrera/Desktop/CODE/axolopcrm/website/node_modules/@babel/parser/lib/index.js:12823:17)
      at JSXParserMixin.parseBlockOrModuleBlockBody (/Users/jdromeroherrera/Desktop/CODE/axolopcrm/website/node_modules/@babel/parser/lib/index.js:13392:61)
      at JSXParserMixin.parseBlockBody (/Users/jdromeroherrera/Desktop/CODE/axolopcrm/website/node_modules/@babel/parser/lib/index.js:13385:10)
      at JSXParserMixin.parseBlock (/Users/jdromeroherrera/Desktop/CODE/axolopcrm/website/node_modules/@babel/parser/lib/index.js:13373:10)
      at JSXParserMixin.parseFunctionBody (/Users/jdromeroherrera/Desktop/CODE/axolopcrm/website/node_modules/@babel/parser/lib/index.js:12174:24)
      at JSXParserMixin.parseFunctionBodyAndFinish (/Users/jdromeroherrera/Desktop/CODE/axolopcrm/website/node_modules/@babel/parser/lib/index.js:12160:10)
      at /Users/jdromeroherrera/Desktop/CODE/axolopcrm/website/node_modules/@babel/parser/lib/index.js:13521:12
      at JSXParserMixin.withSmartMixTopicForbiddingContext (/Users/jdromeroherrera/Desktop/CODE/axolopcrm/website/node_modules/@babel/parser/lib/index.js:12477:14)
      at JSXParserMixin.parseFunction (/Users/jdromeroherrera/Desktop/CODE/axolopcrm/website/node_modules/@babel/parser/lib/index.js:13520:10)
6:23:06 AM [vite] Internal server error: /Users/jdromeroherrera/Desktop/CODE/axolopcrm/website/frontend/components/layout/Sidebar.jsx: Unterminated JSX contents. (784:10)

  782 |         </Dialog>
  783 |       </div>
> 784 |     </div>
      |           ^
  785 |   );
  786 | }
  787 |
  Plugin: vite:react-babel
  File: /Users/jdromeroherrera/Desktop/CODE/axolopcrm/website/frontend/components/layout/Sidebar.jsx:784:10
  782|          </Dialog>
  783|        </div>
  784|      </div>
     |            ^
  785|    );
  786|  }
      at constructor (/Users/jdromeroherrera/Desktop/CODE/axolopcrm/website/node_modules/@babel/parser/lib/index.js:367:19)
      at JSXParserMixin.raise (/Users/jdromeroherrera/Desktop/CODE/axolopcrm/website/node_modules/@babel/parser/lib/index.js:6624:19)
      at JSXParserMixin.jsxReadToken (/Users/jdromeroherrera/Desktop/CODE/axolopcrm/website/node_modules/@babel/parser/lib/index.js:4477:20)
      at JSXParserMixin.getTokenFromCode (/Users/jdromeroherrera/Desktop/CODE/axolopcrm/website/node_modules/@babel/parser/lib/index.js:4803:12)
      at JSXParserMixin.nextToken (/Users/jdromeroherrera/Desktop/CODE/axolopcrm/website/node_modules/@babel/parser/lib/index.js:5807:10)
      at JSXParserMixin.next (/Users/jdromeroherrera/Desktop/CODE/axolopcrm/website/node_modules/@babel/parser/lib/index.js:5717:10)
      at JSXParserMixin.eat (/Users/jdromeroherrera/Desktop/CODE/axolopcrm/website/node_modules/@babel/parser/lib/index.js:5721:12)
      at JSXParserMixin.expect (/Users/jdromeroherrera/Desktop/CODE/axolopcrm/website/node_modules/@babel/parser/lib/index.js:6923:15)
      at JSXParserMixin.jsxParseClosingElementAt (/Users/jdromeroherrera/Desktop/CODE/axolopcrm/website/node_modules/@babel/parser/lib/index.js:4709:10)
      at JSXParserMixin.jsxParseElementAt (/Users/jdromeroherrera/Desktop/CODE/axolopcrm/website/node_modules/@babel/parser/lib/index.js:4724:37)
      at JSXParserMixin.jsxParseElementAt (/Users/jdromeroherrera/Desktop/CODE/axolopcrm/website/node_modules/@babel/parser/lib/index.js:4727:32)
      at JSXParserMixin.jsxParseElement (/Users/jdromeroherrera/Desktop/CODE/axolopcrm/website/node_modules/@babel/parser/lib/index.js:4778:17)
      at JSXParserMixin.parseExprAtom (/Users/jdromeroherrera/Desktop/CODE/axolopcrm/website/node_modules/@babel/parser/lib/index.js:4788:19)
      at JSXParserMixin.parseExprSubscripts (/Users/jdromeroherrera/Desktop/CODE/axolopcrm/website/node_modules/@babel/parser/lib/index.js:11145:23)
      at JSXParserMixin.parseUpdate (/Users/jdromeroherrera/Desktop/CODE/axolopcrm/website/node_modules/@babel/parser/lib/index.js:11130:21)
      at JSXParserMixin.parseMaybeUnary (/Users/jdromeroherrera/Desktop/CODE/axolopcrm/website/node_modules/@babel/parser/lib/index.js:11110:23)
      at JSXParserMixin.parseMaybeUnaryOrPrivate (/Users/jdromeroherrera/Desktop/CODE/axolopcrm/website/node_modules/@babel/parser/lib/index.js:10963:61)
      at JSXParserMixin.parseExprOps (/Users/jdromeroherrera/Desktop/CODE/axolopcrm/website/node_modules/@babel/parser/lib/index.js:10968:23)
      at JSXParserMixin.parseMaybeConditional (/Users/jdromeroherrera/Desktop/CODE/axolopcrm/website/node_modules/@babel/parser/lib/index.js:10945:23)
      at JSXParserMixin.parseMaybeAssign (/Users/jdromeroherrera/Desktop/CODE/axolopcrm/website/node_modules/@babel/parser/lib/index.js:10895:21)
      at /Users/jdromeroherrera/Desktop/CODE/axolopcrm/website/node_modules/@babel/parser/lib/index.js:10864:39
      at JSXParserMixin.allowInAnd (/Users/jdromeroherrera/Desktop/CODE/axolopcrm/website/node_modules/@babel/parser/lib/index.js:12500:12)
      at JSXParserMixin.parseMaybeAssignAllowIn (/Users/jdromeroherrera/Desktop/CODE/axolopcrm/website/node_modules/@babel/parser/lib/index.js:10864:17)
      at JSXParserMixin.parseMaybeAssignAllowInOrVoidPattern (/Users/jdromeroherrera/Desktop/CODE/axolopcrm/website/node_modules/@babel/parser/lib/index.js:12567:17)
      at JSXParserMixin.parseParenAndDistinguishExpression (/Users/jdromeroherrera/Desktop/CODE/axolopcrm/website/node_modules/@babel/parser/lib/index.js:11747:28)
      at JSXParserMixin.parseExprAtom (/Users/jdromeroherrera/Desktop/CODE/axolopcrm/website/node_modules/@babel/parser/lib/index.js:11395:23)
      at JSXParserMixin.parseExprAtom (/Users/jdromeroherrera/Desktop/CODE/axolopcrm/website/node_modules/@babel/parser/lib/index.js:4793:20)
      at JSXParserMixin.parseExprSubscripts (/Users/jdromeroherrera/Desktop/CODE/axolopcrm/website/node_modules/@babel/parser/lib/index.js:11145:23)
      at JSXParserMixin.parseUpdate (/Users/jdromeroherrera/Desktop/CODE/axolopcrm/website/node_modules/@babel/parser/lib/index.js:11130:21)
      at JSXParserMixin.parseMaybeUnary (/Users/jdromeroherrera/Desktop/CODE/axolopcrm/website/node_modules/@babel/parser/lib/index.js:11110:23)
      at JSXParserMixin.parseMaybeUnaryOrPrivate (/Users/jdromeroherrera/Desktop/CODE/axolopcrm/website/node_modules/@babel/parser/lib/index.js:10963:61)
      at JSXParserMixin.parseExprOps (/Users/jdromeroherrera/Desktop/CODE/axolopcrm/website/node_modules/@babel/parser/lib/index.js:10968:23)
      at JSXParserMixin.parseMaybeConditional (/Users/jdromeroherrera/Desktop/CODE/axolopcrm/website/node_modules/@babel/parser/lib/index.js:10945:23)
      at JSXParserMixin.parseMaybeAssign (/Users/jdromeroherrera/Desktop/CODE/axolopcrm/website/node_modules/@babel/parser/lib/index.js:10895:21)
      at JSXParserMixin.parseExpressionBase (/Users/jdromeroherrera/Desktop/CODE/axolopcrm/website/node_modules/@babel/parser/lib/index.js:10848:23)
      at /Users/jdromeroherrera/Desktop/CODE/axolopcrm/website/node_modules/@babel/parser/lib/index.js:10844:39
      at JSXParserMixin.allowInAnd (/Users/jdromeroherrera/Desktop/CODE/axolopcrm/website/node_modules/@babel/parser/lib/index.js:12495:16)
      at JSXParserMixin.parseExpression (/Users/jdromeroherrera/Desktop/CODE/axolopcrm/website/node_modules/@babel/parser/lib/index.js:10844:17)
      at JSXParserMixin.parseReturnStatement (/Users/jdromeroherrera/Desktop/CODE/axolopcrm/website/node_modules/@babel/parser/lib/index.js:13218:28)
      at JSXParserMixin.parseStatementContent (/Users/jdromeroherrera/Desktop/CODE/axolopcrm/website/node_modules/@babel/parser/lib/index.js:12874:21)
      at JSXParserMixin.parseStatementLike (/Users/jdromeroherrera/Desktop/CODE/axolopcrm/website/node_modules/@babel/parser/lib/index.js:12843:17)
      at JSXParserMixin.parseStatementListItem (/Users/jdromeroherrera/Desktop/CODE/axolopcrm/website/node_modules/@babel/parser/lib/index.js:12823:17)
      at JSXParserMixin.parseBlockOrModuleBlockBody (/Users/jdromeroherrera/Desktop/CODE/axolopcrm/website/node_modules/@babel/parser/lib/index.js:13392:61)
      at JSXParserMixin.parseBlockBody (/Users/jdromeroherrera/Desktop/CODE/axolopcrm/website/node_modules/@babel/parser/lib/index.js:13385:10)
      at JSXParserMixin.parseBlock (/Users/jdromeroherrera/Desktop/CODE/axolopcrm/website/node_modules/@babel/parser/lib/index.js:13373:10)
      at JSXParserMixin.parseFunctionBody (/Users/jdromeroherrera/Desktop/CODE/axolopcrm/website/node_modules/@babel/parser/lib/index.js:12174:24)
      at JSXParserMixin.parseFunctionBodyAndFinish (/Users/jdromeroherrera/Desktop/CODE/axolopcrm/website/node_modules/@babel/parser/lib/index.js:12160:10)
      at /Users/jdromeroherrera/Desktop/CODE/axolopcrm/website/node_modules/@babel/parser/lib/index.js:13521:12
      at JSXParserMixin.withSmartMixTopicForbiddingContext (/Users/jdromeroherrera/Desktop/CODE/axolopcrm/website/node_modules/@babel/parser/lib/index.js:12477:14)
      at JSXParserMixin.parseFunction (/Users/jdromeroherrera/Desktop/CODE/axolopcrm/website/node_modules/@babel/parser/lib/index.js:13520:10)
6:23:13 AM [vite] hmr update /frontend/components/layout/Sidebar.jsx, /frontend/styles/globals.css
6:23:27 AM [vite] hmr update /frontend/pages/Dashboard.jsx, /frontend/styles/globals.css
6:23:43 AM [vite] hmr update /frontend/pages/Dashboard.jsx, /frontend/styles/globals.css
6:23:52 AM [vite] hmr update /frontend/pages/Dashboard.jsx, /frontend/styles/globals.css
6:23:52 AM [vite] Internal server error: /Users/jdromeroherrera/Desktop/CODE/axolopcrm/website/frontend/pages/Dashboard.jsx: Expected corresponding JSX closing tag for <>. (1269:8)

  1267 |             </ResponsiveGridLayout>
  1268 |           )}
> 1269 |         </div>
       |         ^
  1270 |       </div>
  1271 |
  1272 |       {/* Save Preset Modal */}
  Plugin: vite:react-babel
  File: /Users/jdromeroherrera/Desktop/CODE/axolopcrm/website/frontend/pages/Dashboard.jsx:1269:8
  1267|              </ResponsiveGridLayout>
  1268|            )}
  1269|          </div>
     |          ^
  1270|        </div>
  1271|  
      at constructor (/Users/jdromeroherrera/Desktop/CODE/axolopcrm/website/node_modules/@babel/parser/lib/index.js:367:19)
      at JSXParserMixin.raise (/Users/jdromeroherrera/Desktop/CODE/axolopcrm/website/node_modules/@babel/parser/lib/index.js:6624:19)
      at JSXParserMixin.jsxParseElementAt (/Users/jdromeroherrera/Desktop/CODE/axolopcrm/website/node_modules/@babel/parser/lib/index.js:4749:14)
      at JSXParserMixin.jsxParseElement (/Users/jdromeroherrera/Desktop/CODE/axolopcrm/website/node_modules/@babel/parser/lib/index.js:4778:17)
      at JSXParserMixin.parseExprAtom (/Users/jdromeroherrera/Desktop/CODE/axolopcrm/website/node_modules/@babel/parser/lib/index.js:4788:19)
      at JSXParserMixin.parseExprSubscripts (/Users/jdromeroherrera/Desktop/CODE/axolopcrm/website/node_modules/@babel/parser/lib/index.js:11145:23)
      at JSXParserMixin.parseUpdate (/Users/jdromeroherrera/Desktop/CODE/axolopcrm/website/node_modules/@babel/parser/lib/index.js:11130:21)
      at JSXParserMixin.parseMaybeUnary (/Users/jdromeroherrera/Desktop/CODE/axolopcrm/website/node_modules/@babel/parser/lib/index.js:11110:23)
      at JSXParserMixin.parseMaybeUnaryOrPrivate (/Users/jdromeroherrera/Desktop/CODE/axolopcrm/website/node_modules/@babel/parser/lib/index.js:10963:61)
      at JSXParserMixin.parseExprOps (/Users/jdromeroherrera/Desktop/CODE/axolopcrm/website/node_modules/@babel/parser/lib/index.js:10968:23)
      at JSXParserMixin.parseMaybeConditional (/Users/jdromeroherrera/Desktop/CODE/axolopcrm/website/node_modules/@babel/parser/lib/index.js:10945:23)
      at JSXParserMixin.parseMaybeAssign (/Users/jdromeroherrera/Desktop/CODE/axolopcrm/website/node_modules/@babel/parser/lib/index.js:10895:21)
      at /Users/jdromeroherrera/Desktop/CODE/axolopcrm/website/node_modules/@babel/parser/lib/index.js:10864:39
      at JSXParserMixin.allowInAnd (/Users/jdromeroherrera/Desktop/CODE/axolopcrm/website/node_modules/@babel/parser/lib/index.js:12500:12)
      at JSXParserMixin.parseMaybeAssignAllowIn (/Users/jdromeroherrera/Desktop/CODE/axolopcrm/website/node_modules/@babel/parser/lib/index.js:10864:17)
      at JSXParserMixin.parseMaybeAssignAllowInOrVoidPattern (/Users/jdromeroherrera/Desktop/CODE/axolopcrm/website/node_modules/@babel/parser/lib/index.js:12567:17)
      at JSXParserMixin.parseParenAndDistinguishExpression (/Users/jdromeroherrera/Desktop/CODE/axolopcrm/website/node_modules/@babel/parser/lib/index.js:11747:28)
      at JSXParserMixin.parseExprAtom (/Users/jdromeroherrera/Desktop/CODE/axolopcrm/website/node_modules/@babel/parser/lib/index.js:11395:23)
      at JSXParserMixin.parseExprAtom (/Users/jdromeroherrera/Desktop/CODE/axolopcrm/website/node_modules/@babel/parser/lib/index.js:4793:20)
      at JSXParserMixin.parseExprSubscripts (/Users/jdromeroherrera/Desktop/CODE/axolopcrm/website/node_modules/@babel/parser/lib/index.js:11145:23)
      at JSXParserMixin.parseUpdate (/Users/jdromeroherrera/Desktop/CODE/axolopcrm/website/node_modules/@babel/parser/lib/index.js:11130:21)
      at JSXParserMixin.parseMaybeUnary (/Users/jdromeroherrera/Desktop/CODE/axolopcrm/website/node_modules/@babel/parser/lib/index.js:11110:23)
      at JSXParserMixin.parseMaybeUnaryOrPrivate (/Users/jdromeroherrera/Desktop/CODE/axolopcrm/website/node_modules/@babel/parser/lib/index.js:10963:61)
      at JSXParserMixin.parseExprOps (/Users/jdromeroherrera/Desktop/CODE/axolopcrm/website/node_modules/@babel/parser/lib/index.js:10968:23)
      at JSXParserMixin.parseMaybeConditional (/Users/jdromeroherrera/Desktop/CODE/axolopcrm/website/node_modules/@babel/parser/lib/index.js:10945:23)
      at JSXParserMixin.parseMaybeAssign (/Users/jdromeroherrera/Desktop/CODE/axolopcrm/website/node_modules/@babel/parser/lib/index.js:10895:21)
      at JSXParserMixin.parseConditional (/Users/jdromeroherrera/Desktop/CODE/axolopcrm/website/node_modules/@babel/parser/lib/index.js:10957:29)
      at JSXParserMixin.parseMaybeConditional (/Users/jdromeroherrera/Desktop/CODE/axolopcrm/website/node_modules/@babel/parser/lib/index.js:10949:17)
      at JSXParserMixin.parseMaybeAssign (/Users/jdromeroherrera/Desktop/CODE/axolopcrm/website/node_modules/@babel/parser/lib/index.js:10895:21)
      at JSXParserMixin.parseExpressionBase (/Users/jdromeroherrera/Desktop/CODE/axolopcrm/website/node_modules/@babel/parser/lib/index.js:10848:23)
      at /Users/jdromeroherrera/Desktop/CODE/axolopcrm/website/node_modules/@babel/parser/lib/index.js:10844:39
      at JSXParserMixin.allowInAnd (/Users/jdromeroherrera/Desktop/CODE/axolopcrm/website/node_modules/@babel/parser/lib/index.js:12500:12)
      at JSXParserMixin.parseExpression (/Users/jdromeroherrera/Desktop/CODE/axolopcrm/website/node_modules/@babel/parser/lib/index.js:10844:17)
      at JSXParserMixin.jsxParseExpressionContainer (/Users/jdromeroherrera/Desktop/CODE/axolopcrm/website/node_modules/@babel/parser/lib/index.js:4661:31)
      at JSXParserMixin.jsxParseElementAt (/Users/jdromeroherrera/Desktop/CODE/axolopcrm/website/node_modules/@babel/parser/lib/index.js:4740:36)
      at JSXParserMixin.jsxParseElementAt (/Users/jdromeroherrera/Desktop/CODE/axolopcrm/website/node_modules/@babel/parser/lib/index.js:4727:32)
      at JSXParserMixin.jsxParseElementAt (/Users/jdromeroherrera/Desktop/CODE/axolopcrm/website/node_modules/@babel/parser/lib/index.js:4727:32)
      at JSXParserMixin.jsxParseElement (/Users/jdromeroherrera/Desktop/CODE/axolopcrm/website/node_modules/@babel/parser/lib/index.js:4778:17)
      at JSXParserMixin.parseExprAtom (/Users/jdromeroherrera/Desktop/CODE/axolopcrm/website/node_modules/@babel/parser/lib/index.js:4788:19)
      at JSXParserMixin.parseExprSubscripts (/Users/jdromeroherrera/Desktop/CODE/axolopcrm/website/node_modules/@babel/parser/lib/index.js:11145:23)
      at JSXParserMixin.parseUpdate (/Users/jdromeroherrera/Desktop/CODE/axolopcrm/website/node_modules/@babel/parser/lib/index.js:11130:21)
      at JSXParserMixin.parseMaybeUnary (/Users/jdromeroherrera/Desktop/CODE/axolopcrm/website/node_modules/@babel/parser/lib/index.js:11110:23)
      at JSXParserMixin.parseMaybeUnaryOrPrivate (/Users/jdromeroherrera/Desktop/CODE/axolopcrm/website/node_modules/@babel/parser/lib/index.js:10963:61)
      at JSXParserMixin.parseExprOps (/Users/jdromeroherrera/Desktop/CODE/axolopcrm/website/node_modules/@babel/parser/lib/index.js:10968:23)
      at JSXParserMixin.parseMaybeConditional (/Users/jdromeroherrera/Desktop/CODE/axolopcrm/website/node_modules/@babel/parser/lib/index.js:10945:23)
      at JSXParserMixin.parseMaybeAssign (/Users/jdromeroherrera/Desktop/CODE/axolopcrm/website/node_modules/@babel/parser/lib/index.js:10895:21)
      at /Users/jdromeroherrera/Desktop/CODE/axolopcrm/website/node_modules/@babel/parser/lib/index.js:10864:39
      at JSXParserMixin.allowInAnd (/Users/jdromeroherrera/Desktop/CODE/axolopcrm/website/node_modules/@babel/parser/lib/index.js:12500:12)
      at JSXParserMixin.parseMaybeAssignAllowIn (/Users/jdromeroherrera/Desktop/CODE/axolopcrm/website/node_modules/@babel/parser/lib/index.js:10864:17)
      at JSXParserMixin.parseMaybeAssignAllowInOrVoidPattern (/Users/jdromeroherrera/Desktop/CODE/axolopcrm/website/node_modules/@babel/parser/lib/index.js:12567:17)
6:23:52 AM [vite] Internal server error: /Users/jdromeroherrera/Desktop/CODE/axolopcrm/website/frontend/pages/Dashboard.jsx: Expected corresponding JSX closing tag for <>. (1269:8)

  1267 |             </ResponsiveGridLayout>
  1268 |           )}
> 1269 |         </div>
       |         ^
  1270 |       </div>
  1271 |
  1272 |       {/* Save Preset Modal */}
  Plugin: vite:react-babel
  File: /Users/jdromeroherrera/Desktop/CODE/axolopcrm/website/frontend/pages/Dashboard.jsx:1269:8
  1267|              </ResponsiveGridLayout>
  1268|            )}
  1269|          </div>
     |          ^
  1270|        </div>
  1271|  
      at constructor (/Users/jdromeroherrera/Desktop/CODE/axolopcrm/website/node_modules/@babel/parser/lib/index.js:367:19)
      at JSXParserMixin.raise (/Users/jdromeroherrera/Desktop/CODE/axolopcrm/website/node_modules/@babel/parser/lib/index.js:6624:19)
      at JSXParserMixin.jsxParseElementAt (/Users/jdromeroherrera/Desktop/CODE/axolopcrm/website/node_modules/@babel/parser/lib/index.js:4749:14)
      at JSXParserMixin.jsxParseElement (/Users/jdromeroherrera/Desktop/CODE/axolopcrm/website/node_modules/@babel/parser/lib/index.js:4778:17)
      at JSXParserMixin.parseExprAtom (/Users/jdromeroherrera/Desktop/CODE/axolopcrm/website/node_modules/@babel/parser/lib/index.js:4788:19)
      at JSXParserMixin.parseExprSubscripts (/Users/jdromeroherrera/Desktop/CODE/axolopcrm/website/node_modules/@babel/parser/lib/index.js:11145:23)
      at JSXParserMixin.parseUpdate (/Users/jdromeroherrera/Desktop/CODE/axolopcrm/website/node_modules/@babel/parser/lib/index.js:11130:21)
      at JSXParserMixin.parseMaybeUnary (/Users/jdromeroherrera/Desktop/CODE/axolopcrm/website/node_modules/@babel/parser/lib/index.js:11110:23)
      at JSXParserMixin.parseMaybeUnaryOrPrivate (/Users/jdromeroherrera/Desktop/CODE/axolopcrm/website/node_modules/@babel/parser/lib/index.js:10963:61)
      at JSXParserMixin.parseExprOps (/Users/jdromeroherrera/Desktop/CODE/axolopcrm/website/node_modules/@babel/parser/lib/index.js:10968:23)
      at JSXParserMixin.parseMaybeConditional (/Users/jdromeroherrera/Desktop/CODE/axolopcrm/website/node_modules/@babel/parser/lib/index.js:10945:23)
      at JSXParserMixin.parseMaybeAssign (/Users/jdromeroherrera/Desktop/CODE/axolopcrm/website/node_modules/@babel/parser/lib/index.js:10895:21)
      at /Users/jdromeroherrera/Desktop/CODE/axolopcrm/website/node_modules/@babel/parser/lib/index.js:10864:39
      at JSXParserMixin.allowInAnd (/Users/jdromeroherrera/Desktop/CODE/axolopcrm/website/node_modules/@babel/parser/lib/index.js:12500:12)
      at JSXParserMixin.parseMaybeAssignAllowIn (/Users/jdromeroherrera/Desktop/CODE/axolopcrm/website/node_modules/@babel/parser/lib/index.js:10864:17)
      at JSXParserMixin.parseMaybeAssignAllowInOrVoidPattern (/Users/jdromeroherrera/Desktop/CODE/axolopcrm/website/node_modules/@babel/parser/lib/index.js:12567:17)
      at JSXParserMixin.parseParenAndDistinguishExpression (/Users/jdromeroherrera/Desktop/CODE/axolopcrm/website/node_modules/@babel/parser/lib/index.js:11747:28)
      at JSXParserMixin.parseExprAtom (/Users/jdromeroherrera/Desktop/CODE/axolopcrm/website/node_modules/@babel/parser/lib/index.js:11395:23)
      at JSXParserMixin.parseExprAtom (/Users/jdromeroherrera/Desktop/CODE/axolopcrm/website/node_modules/@babel/parser/lib/index.js:4793:20)
      at JSXParserMixin.parseExprSubscripts (/Users/jdromeroherrera/Desktop/CODE/axolopcrm/website/node_modules/@babel/parser/lib/index.js:11145:23)
      at JSXParserMixin.parseUpdate (/Users/jdromeroherrera/Desktop/CODE/axolopcrm/website/node_modules/@babel/parser/lib/index.js:11130:21)
      at JSXParserMixin.parseMaybeUnary (/Users/jdromeroherrera/Desktop/CODE/axolopcrm/website/node_modules/@babel/parser/lib/index.js:11110:23)
      at JSXParserMixin.parseMaybeUnaryOrPrivate (/Users/jdromeroherrera/Desktop/CODE/axolopcrm/website/node_modules/@babel/parser/lib/index.js:10963:61)
      at JSXParserMixin.parseExprOps (/Users/jdromeroherrera/Desktop/CODE/axolopcrm/website/node_modules/@babel/parser/lib/index.js:10968:23)
      at JSXParserMixin.parseMaybeConditional (/Users/jdromeroherrera/Desktop/CODE/axolopcrm/website/node_modules/@babel/parser/lib/index.js:10945:23)
      at JSXParserMixin.parseMaybeAssign (/Users/jdromeroherrera/Desktop/CODE/axolopcrm/website/node_modules/@babel/parser/lib/index.js:10895:21)
      at JSXParserMixin.parseConditional (/Users/jdromeroherrera/Desktop/CODE/axolopcrm/website/node_modules/@babel/parser/lib/index.js:10957:29)
      at JSXParserMixin.parseMaybeConditional (/Users/jdromeroherrera/Desktop/CODE/axolopcrm/website/node_modules/@babel/parser/lib/index.js:10949:17)
      at JSXParserMixin.parseMaybeAssign (/Users/jdromeroherrera/Desktop/CODE/axolopcrm/website/node_modules/@babel/parser/lib/index.js:10895:21)
      at JSXParserMixin.parseExpressionBase (/Users/jdromeroherrera/Desktop/CODE/axolopcrm/website/node_modules/@babel/parser/lib/index.js:10848:23)
      at /Users/jdromeroherrera/Desktop/CODE/axolopcrm/website/node_modules/@babel/parser/lib/index.js:10844:39
      at JSXParserMixin.allowInAnd (/Users/jdromeroherrera/Desktop/CODE/axolopcrm/website/node_modules/@babel/parser/lib/index.js:12500:12)
      at JSXParserMixin.parseExpression (/Users/jdromeroherrera/Desktop/CODE/axolopcrm/website/node_modules/@babel/parser/lib/index.js:10844:17)
      at JSXParserMixin.jsxParseExpressionContainer (/Users/jdromeroherrera/Desktop/CODE/axolopcrm/website/node_modules/@babel/parser/lib/index.js:4661:31)
      at JSXParserMixin.jsxParseElementAt (/Users/jdromeroherrera/Desktop/CODE/axolopcrm/website/node_modules/@babel/parser/lib/index.js:4740:36)
      at JSXParserMixin.jsxParseElementAt (/Users/jdromeroherrera/Desktop/CODE/axolopcrm/website/node_modules/@babel/parser/lib/index.js:4727:32)
      at JSXParserMixin.jsxParseElementAt (/Users/jdromeroherrera/Desktop/CODE/axolopcrm/website/node_modules/@babel/parser/lib/index.js:4727:32)
      at JSXParserMixin.jsxParseElement (/Users/jdromeroherrera/Desktop/CODE/axolopcrm/website/node_modules/@babel/parser/lib/index.js:4778:17)
      at JSXParserMixin.parseExprAtom (/Users/jdromeroherrera/Desktop/CODE/axolopcrm/website/node_modules/@babel/parser/lib/index.js:4788:19)
      at JSXParserMixin.parseExprSubscripts (/Users/jdromeroherrera/Desktop/CODE/axolopcrm/website/node_modules/@babel/parser/lib/index.js:11145:23)
      at JSXParserMixin.parseUpdate (/Users/jdromeroherrera/Desktop/CODE/axolopcrm/website/node_modules/@babel/parser/lib/index.js:11130:21)
      at JSXParserMixin.parseMaybeUnary (/Users/jdromeroherrera/Desktop/CODE/axolopcrm/website/node_modules/@babel/parser/lib/index.js:11110:23)
      at JSXParserMixin.parseMaybeUnaryOrPrivate (/Users/jdromeroherrera/Desktop/CODE/axolopcrm/website/node_modules/@babel/parser/lib/index.js:10963:61)
      at JSXParserMixin.parseExprOps (/Users/jdromeroherrera/Desktop/CODE/axolopcrm/website/node_modules/@babel/parser/lib/index.js:10968:23)
      at JSXParserMixin.parseMaybeConditional (/Users/jdromeroherrera/Desktop/CODE/axolopcrm/website/node_modules/@babel/parser/lib/index.js:10945:23)
      at JSXParserMixin.parseMaybeAssign (/Users/jdromeroherrera/Desktop/CODE/axolopcrm/website/node_modules/@babel/parser/lib/index.js:10895:21)
      at /Users/jdromeroherrera/Desktop/CODE/axolopcrm/website/node_modules/@babel/parser/lib/index.js:10864:39
      at JSXParserMixin.allowInAnd (/Users/jdromeroherrera/Desktop/CODE/axolopcrm/website/node_modules/@babel/parser/lib/index.js:12500:12)
      at JSXParserMixin.parseMaybeAssignAllowIn (/Users/jdromeroherrera/Desktop/CODE/axolopcrm/website/node_modules/@babel/parser/lib/index.js:10864:17)
      at JSXParserMixin.parseMaybeAssignAllowInOrVoidPattern (/Users/jdromeroherrera/Desktop/CODE/axolopcrm/website/node_modules/@babel/parser/lib/index.js:12567:17)
6:23:57 AM [vite] hmr update /frontend/pages/Dashboard.jsx, /frontend/styles/globals.css
6:24:12 AM [vite] hmr update /frontend/styles/globals.css
6:24:30 AM [vite] hmr update /frontend/pages/Dashboard.jsx, /frontend/styles/globals.css
6:27:31 AM [vite] hmr update /frontend/pages/Dashboard.jsx, /frontend/styles/globals.css
6:27:51 AM [vite] hmr update /frontend/components/layout/Sidebar.jsx, /frontend/styles/globals.css
7:50:04 AM [vite] hmr update /frontend/components/RichTextEditor.jsx, /frontend/styles/globals.css
7:50:29 AM [vite] hmr update /frontend/components/SequentialQuestion.jsx, /frontend/styles/globals.css
7:50:41 AM [vite] http proxy error: /api/search?q=test&limit=5
AggregateError [ECONNREFUSED]: 
    at internalConnectMultiple (node:net:1134:18)
    at afterConnectMultiple (node:net:1715:7)
7:50:41 AM [vite] http proxy error: /api/meetings/booking-links
AggregateError [ECONNREFUSED]: 
    at internalConnectMultiple (node:net:1134:18)
    at afterConnectMultiple (node:net:1715:7)
7:50:41 AM [vite] http proxy error: /api/search?q=test&limit=5
AggregateError [ECONNREFUSED]: 
    at internalConnectMultiple (node:net:1134:18)
    at afterConnectMultiple (node:net:1715:7)
7:50:41 AM [vite] http proxy error: /api/meetings/booking-links
AggregateError [ECONNREFUSED]: 
    at internalConnectMultiple (node:net:1134:18)
    at afterConnectMultiple (node:net:1715:7)
7:50:47 AM [vite] hmr update /frontend/components/UltraSmoothMasterSearch.jsx, /frontend/styles/globals.css
7:50:47 AM [vite] http proxy error: /api/search?q=test&limit=5
AggregateError [ECONNREFUSED]: 
    at internalConnectMultiple (node:net:1134:18)
    at afterConnectMultiple (node:net:1715:7)
7:51:08 AM [vite] hmr update /frontend/styles/globals.css, /frontend/components/ui/label.jsx, /frontend/components/ui/badge.jsx, /frontend/components/ui/input.jsx, /frontend/components/ui/textarea.jsx, /frontend/components/ui/switch.jsx, /frontend/components/ui/tabs.jsx, /frontend/components/ui/card.jsx, /frontend/components/ui/button.jsx, /frontend/pages/Activities.jsx, /frontend/pages/History.jsx, /frontend/pages/Opportunities.jsx, /frontend/pages/Leads.jsx, /frontend/pages/Dashboard.jsx, /frontend/components/ui/select.jsx, /frontend/components/ui/dialog.jsx, /frontend/components/ui/toast.jsx, /frontend/components/ui/table.jsx, /frontend/components/ui/separator.jsx, /frontend/components/ui/dropdown-menu.jsx, /frontend/components/ui/scroll-area.jsx, /frontend/components/dashboard/RevenueChart.jsx, /frontend/components/dashboard/ProfitMarginWidget.jsx, /frontend/components/dashboard/FullMarketingWidget.jsx, /frontend/components/dashboard/FullSalesWidget.jsx, /frontend/components/ui/checkbox.jsx, /frontend/components/ui/calendar.jsx, /frontend/components/ui/radio-group.jsx
7:51:08 AM [vite] hmr invalidate /frontend/components/ui/button.jsx Could not Fast Refresh ("buttonVariants" export is incompatible). Learn more at https://github.com/vitejs/vite-plugin-react/tree/main/packages/plugin-react#consistent-components-exports
7:51:08 AM [vite] hmr update /frontend/styles/globals.css, /frontend/pages/Settings.jsx, /frontend/pages/Profile.jsx, /frontend/pages/Activities.jsx, /frontend/pages/History.jsx, /frontend/pages/Opportunities.jsx, /frontend/pages/BillingSettings.jsx, /frontend/pages/Pipeline.jsx, /frontend/pages/Contacts.jsx, /frontend/pages/Inbox.jsx, /frontend/pages/Leads.jsx, /frontend/pages/Landing.jsx, /frontend/pages/IntegrationsSettings.jsx, /frontend/pages/AccountSettings.jsx, /frontend/pages/OrganizationSettings.jsx, /frontend/pages/FormBuilderV2.jsx, /frontend/pages/CustomizationSettings.jsx, /frontend/pages/CommunicationSettings.jsx, /frontend/pages/FormPreview.jsx, /frontend/pages/Forms.jsx, /frontend/pages/FormIntegrations.jsx, /frontend/pages/FormAnalytics.jsx, /frontend/pages/WorkflowsPage.jsx, /frontend/pages/TodoList.jsx, /frontend/pages/EmailMarketing.jsx, /frontend/pages/BookingEmbed.jsx, /frontend/pages/CreateCampaign.jsx, /frontend/pages/Meetings.jsx, /frontend/pages/FormBuilder.jsx, /frontend/pages/Dashboard.jsx, /frontend/pages/reports/ActivityComparison.jsx, /frontend/pages/reports/Explorer.jsx, /frontend/pages/reports/StatusChanges.jsx, /frontend/pages/reports/OpportunityFunnels.jsx, /frontend/pages/reports/ActivityOverview.jsx, /frontend/components/TodoSlideOver.jsx, /frontend/components/ChatSlideOver.jsx, /frontend/components/layout/Sidebar.jsx, /frontend/pages/Onboarding.jsx, /frontend/pages/formBuilder/ContentTab.jsx, /frontend/pages/formBuilder/ConnectTab.jsx, /frontend/pages/formBuilder/WorkflowTab.jsx, /frontend/components/email-marketing/EmailAnalytics.jsx, /frontend/pages/formBuilder/ResultsTab.jsx, /frontend/components/email-marketing/Newsletter.jsx, /frontend/pages/formBuilder/ShareTab.jsx, /frontend/components/SequentialQuestion.jsx, /frontend/components/workflows/EnhancedFlowBuilder.jsx, /frontend/components/email-marketing/FlowBuilder.jsx, /frontend/components/layout/ThemeToggle.jsx, /frontend/layouts/SecondBrainLayout.jsx, /frontend/components/meetings/CreateBookingDialog.jsx, /frontend/pages/formBuilder/QuestionSettingsPanel.jsx, /frontend/pages/formBuilder/ConditionalLogicEditor.jsx, /frontend/components/workflows/NodeEditorPanel.jsx, /frontend/components/meetings/BookingLinkPreview.jsx, /frontend/components/meetings/ColorPickerPopover.jsx, /frontend/components/MeetingsPanel.jsx, /frontend/components/CreateContactModal.jsx, /frontend/components/FilterModal.jsx, /frontend/components/ComposeEmailModal.jsx, /frontend/components/CreateLeadModal.jsx, /frontend/components/LeadImportModal.jsx, /frontend/components/dashboard/SavePresetModal.jsx, /frontend/components/dashboard/WidgetSelector.jsx, /frontend/components/KateOnboarding.jsx, /frontend/components/ui/calendar.jsx
7:51:10 AM [vite] http proxy error: /api/meetings/booking-links
AggregateError [ECONNREFUSED]: 
    at internalConnectMultiple (node:net:1134:18)
    at afterConnectMultiple (node:net:1715:7)
7:51:16 AM [vite] hmr update /frontend/styles/globals.css, /frontend/components/ui/label.jsx, /frontend/components/ui/badge.jsx, /frontend/components/ui/input.jsx, /frontend/components/ui/textarea.jsx, /frontend/components/ui/switch.jsx, /frontend/components/ui/tabs.jsx, /frontend/components/ui/card.jsx, /frontend/components/ui/button.jsx, /frontend/pages/Activities.jsx, /frontend/pages/History.jsx, /frontend/pages/Opportunities.jsx, /frontend/pages/Leads.jsx, /frontend/pages/Dashboard.jsx, /frontend/components/ui/select.jsx, /frontend/components/ui/dialog.jsx, /frontend/components/ui/toast.jsx, /frontend/components/ui/table.jsx, /frontend/components/ui/separator.jsx, /frontend/components/ui/dropdown-menu.jsx, /frontend/components/ui/scroll-area.jsx, /frontend/components/dashboard/RevenueChart.jsx, /frontend/components/dashboard/ProfitMarginWidget.jsx, /frontend/components/dashboard/FullMarketingWidget.jsx, /frontend/components/dashboard/FullSalesWidget.jsx, /frontend/components/ui/checkbox.jsx, /frontend/components/ui/calendar.jsx, /frontend/components/ui/radio-group.jsx
7:51:16 AM [vite] hmr invalidate /frontend/components/ui/button.jsx Could not Fast Refresh ("buttonVariants" export is incompatible). Learn more at https://github.com/vitejs/vite-plugin-react/tree/main/packages/plugin-react#consistent-components-exports
7:51:16 AM [vite] hmr update /frontend/styles/globals.css, /frontend/pages/Settings.jsx, /frontend/pages/Profile.jsx, /frontend/pages/Activities.jsx, /frontend/pages/History.jsx, /frontend/pages/Opportunities.jsx, /frontend/pages/BillingSettings.jsx, /frontend/pages/Pipeline.jsx, /frontend/pages/Contacts.jsx, /frontend/pages/Inbox.jsx, /frontend/pages/Leads.jsx, /frontend/pages/Landing.jsx, /frontend/pages/IntegrationsSettings.jsx, /frontend/pages/AccountSettings.jsx, /frontend/pages/OrganizationSettings.jsx, /frontend/pages/FormBuilderV2.jsx, /frontend/pages/CustomizationSettings.jsx, /frontend/pages/CommunicationSettings.jsx, /frontend/pages/FormPreview.jsx, /frontend/pages/Forms.jsx, /frontend/pages/FormIntegrations.jsx, /frontend/pages/FormAnalytics.jsx, /frontend/pages/WorkflowsPage.jsx, /frontend/pages/TodoList.jsx, /frontend/pages/EmailMarketing.jsx, /frontend/pages/BookingEmbed.jsx, /frontend/pages/CreateCampaign.jsx, /frontend/pages/Meetings.jsx, /frontend/pages/FormBuilder.jsx, /frontend/pages/Dashboard.jsx, /frontend/pages/reports/ActivityComparison.jsx, /frontend/pages/reports/Explorer.jsx, /frontend/pages/reports/StatusChanges.jsx, /frontend/pages/reports/OpportunityFunnels.jsx, /frontend/pages/reports/ActivityOverview.jsx, /frontend/components/TodoSlideOver.jsx, /frontend/components/ChatSlideOver.jsx, /frontend/components/layout/Sidebar.jsx, /frontend/pages/Onboarding.jsx, /frontend/pages/formBuilder/ContentTab.jsx, /frontend/pages/formBuilder/ConnectTab.jsx, /frontend/pages/formBuilder/WorkflowTab.jsx, /frontend/components/email-marketing/EmailAnalytics.jsx, /frontend/pages/formBuilder/ResultsTab.jsx, /frontend/components/email-marketing/Newsletter.jsx, /frontend/pages/formBuilder/ShareTab.jsx, /frontend/components/SequentialQuestion.jsx, /frontend/components/workflows/EnhancedFlowBuilder.jsx, /frontend/components/email-marketing/FlowBuilder.jsx, /frontend/components/layout/ThemeToggle.jsx, /frontend/layouts/SecondBrainLayout.jsx, /frontend/components/meetings/CreateBookingDialog.jsx, /frontend/pages/formBuilder/QuestionSettingsPanel.jsx, /frontend/pages/formBuilder/ConditionalLogicEditor.jsx, /frontend/components/workflows/NodeEditorPanel.jsx, /frontend/components/meetings/BookingLinkPreview.jsx, /frontend/components/meetings/ColorPickerPopover.jsx, /frontend/components/MeetingsPanel.jsx, /frontend/components/CreateContactModal.jsx, /frontend/components/FilterModal.jsx, /frontend/components/ComposeEmailModal.jsx, /frontend/components/CreateLeadModal.jsx, /frontend/components/LeadImportModal.jsx, /frontend/components/dashboard/SavePresetModal.jsx, /frontend/components/dashboard/WidgetSelector.jsx, /frontend/components/KateOnboarding.jsx, /frontend/components/ui/calendar.jsx
7:51:18 AM [vite] http proxy error: /api/meetings/booking-links
AggregateError [ECONNREFUSED]: 
    at internalConnectMultiple (node:net:1134:18)
    at afterConnectMultiple (node:net:1715:7)
7:51:36 AM [vite] hmr update /frontend/pages/BookingEmbed.jsx, /frontend/styles/globals.css
7:51:41 AM [vite] .env changed, restarting server...
7:51:41 AM [vite] server restarted.

  ➜  Local:   http://localhost:3000/
  ➜  Network: http://169.254.63.132:3000/
  ➜  Network: http://169.254.202.249:3000/
  ➜  Network: http://192.168.0.204:3000/
  ➜  Network: http://169.254.253.150:3000/
7:51:54 AM [vite] hmr update /frontend/pages/formBuilder/ConnectTab.jsx, /frontend/styles/globals.css
7:51:59 AM [vite] hmr update /frontend/pages/formBuilder/ConnectTab.jsx, /frontend/styles/globals.css
7:52:20 AM [vite] hmr update /frontend/pages/formBuilder/QuestionRenderer.jsx, /frontend/styles/globals.css
7:52:26 AM [vite] hmr update /frontend/pages/formBuilder/QuestionRenderer.jsx, /frontend/styles/globals.css
7:52:26 AM [vite] Internal server error: /Users/jdromeroherrera/Desktop/CODE/axolopcrm/website/frontend/pages/formBuilder/QuestionRenderer.jsx: Unexpected token (94:4)

  92 |         </div>
  93 |       );
> 94 |     case 'file-upload':
     |     ^
  95 |       return (
  96 |         <Input
  97 |           type="file"
  Plugin: vite:react-babel
  File: /Users/jdromeroherrera/Desktop/CODE/axolopcrm/website/frontend/pages/formBuilder/QuestionRenderer.jsx:94:4
  92 |          </div>
  93 |        );
  94 |      case 'file-upload':
     |      ^
  95 |        return (
  96 |          <Input
      at constructor (/Users/jdromeroherrera/Desktop/CODE/axolopcrm/website/node_modules/@babel/parser/lib/index.js:367:19)
      at JSXParserMixin.raise (/Users/jdromeroherrera/Desktop/CODE/axolopcrm/website/node_modules/@babel/parser/lib/index.js:6624:19)
      at JSXParserMixin.unexpected (/Users/jdromeroherrera/Desktop/CODE/axolopcrm/website/node_modules/@babel/parser/lib/index.js:6644:16)
      at JSXParserMixin.parseExprAtom (/Users/jdromeroherrera/Desktop/CODE/axolopcrm/website/node_modules/@babel/parser/lib/index.js:11508:22)
      at JSXParserMixin.parseExprAtom (/Users/jdromeroherrera/Desktop/CODE/axolopcrm/website/node_modules/@babel/parser/lib/index.js:4793:20)
      at JSXParserMixin.parseExprSubscripts (/Users/jdromeroherrera/Desktop/CODE/axolopcrm/website/node_modules/@babel/parser/lib/index.js:11145:23)
      at JSXParserMixin.parseUpdate (/Users/jdromeroherrera/Desktop/CODE/axolopcrm/website/node_modules/@babel/parser/lib/index.js:11130:21)
      at JSXParserMixin.parseMaybeUnary (/Users/jdromeroherrera/Desktop/CODE/axolopcrm/website/node_modules/@babel/parser/lib/index.js:11110:23)
      at JSXParserMixin.parseMaybeUnaryOrPrivate (/Users/jdromeroherrera/Desktop/CODE/axolopcrm/website/node_modules/@babel/parser/lib/index.js:10963:61)
      at JSXParserMixin.parseExprOps (/Users/jdromeroherrera/Desktop/CODE/axolopcrm/website/node_modules/@babel/parser/lib/index.js:10968:23)
      at JSXParserMixin.parseMaybeConditional (/Users/jdromeroherrera/Desktop/CODE/axolopcrm/website/node_modules/@babel/parser/lib/index.js:10945:23)
      at JSXParserMixin.parseMaybeAssign (/Users/jdromeroherrera/Desktop/CODE/axolopcrm/website/node_modules/@babel/parser/lib/index.js:10895:21)
      at JSXParserMixin.parseExpressionBase (/Users/jdromeroherrera/Desktop/CODE/axolopcrm/website/node_modules/@babel/parser/lib/index.js:10848:23)
      at /Users/jdromeroherrera/Desktop/CODE/axolopcrm/website/node_modules/@babel/parser/lib/index.js:10844:39
      at JSXParserMixin.allowInAnd (/Users/jdromeroherrera/Desktop/CODE/axolopcrm/website/node_modules/@babel/parser/lib/index.js:12495:16)
      at JSXParserMixin.parseExpression (/Users/jdromeroherrera/Desktop/CODE/axolopcrm/website/node_modules/@babel/parser/lib/index.js:10844:17)
      at JSXParserMixin.parseStatementContent (/Users/jdromeroherrera/Desktop/CODE/axolopcrm/website/node_modules/@babel/parser/lib/index.js:12971:23)
      at JSXParserMixin.parseStatementLike (/Users/jdromeroherrera/Desktop/CODE/axolopcrm/website/node_modules/@babel/parser/lib/index.js:12843:17)
      at JSXParserMixin.parseStatementListItem (/Users/jdromeroherrera/Desktop/CODE/axolopcrm/website/node_modules/@babel/parser/lib/index.js:12823:17)
      at JSXParserMixin.parseBlockOrModuleBlockBody (/Users/jdromeroherrera/Desktop/CODE/axolopcrm/website/node_modules/@babel/parser/lib/index.js:13392:61)
      at JSXParserMixin.parseBlockBody (/Users/jdromeroherrera/Desktop/CODE/axolopcrm/website/node_modules/@babel/parser/lib/index.js:13385:10)
      at JSXParserMixin.parseBlock (/Users/jdromeroherrera/Desktop/CODE/axolopcrm/website/node_modules/@babel/parser/lib/index.js:13373:10)
      at JSXParserMixin.parseStatementContent (/Users/jdromeroherrera/Desktop/CODE/axolopcrm/website/node_modules/@babel/parser/lib/index.js:12934:21)
      at JSXParserMixin.parseStatementLike (/Users/jdromeroherrera/Desktop/CODE/axolopcrm/website/node_modules/@babel/parser/lib/index.js:12843:17)
      at JSXParserMixin.parseStatementListItem (/Users/jdromeroherrera/Desktop/CODE/axolopcrm/website/node_modules/@babel/parser/lib/index.js:12823:17)
      at JSXParserMixin.parseSwitchStatement (/Users/jdromeroherrera/Desktop/CODE/axolopcrm/website/node_modules/@babel/parser/lib/index.js:13250:36)
      at JSXParserMixin.parseStatementContent (/Users/jdromeroherrera/Desktop/CODE/axolopcrm/website/node_modules/@babel/parser/lib/index.js:12876:21)
      at JSXParserMixin.parseStatementLike (/Users/jdromeroherrera/Desktop/CODE/axolopcrm/website/node_modules/@babel/parser/lib/index.js:12843:17)
      at JSXParserMixin.parseStatementListItem (/Users/jdromeroherrera/Desktop/CODE/axolopcrm/website/node_modules/@babel/parser/lib/index.js:12823:17)
      at JSXParserMixin.parseBlockOrModuleBlockBody (/Users/jdromeroherrera/Desktop/CODE/axolopcrm/website/node_modules/@babel/parser/lib/index.js:13392:61)
      at JSXParserMixin.parseBlockBody (/Users/jdromeroherrera/Desktop/CODE/axolopcrm/website/node_modules/@babel/parser/lib/index.js:13385:10)
      at JSXParserMixin.parseBlock (/Users/jdromeroherrera/Desktop/CODE/axolopcrm/website/node_modules/@babel/parser/lib/index.js:13373:10)
      at JSXParserMixin.parseFunctionBody (/Users/jdromeroherrera/Desktop/CODE/axolopcrm/website/node_modules/@babel/parser/lib/index.js:12174:24)
      at JSXParserMixin.parseFunctionBodyAndFinish (/Users/jdromeroherrera/Desktop/CODE/axolopcrm/website/node_modules/@babel/parser/lib/index.js:12160:10)
      at /Users/jdromeroherrera/Desktop/CODE/axolopcrm/website/node_modules/@babel/parser/lib/index.js:13521:12
      at JSXParserMixin.withSmartMixTopicForbiddingContext (/Users/jdromeroherrera/Desktop/CODE/axolopcrm/website/node_modules/@babel/parser/lib/index.js:12477:14)
      at JSXParserMixin.parseFunction (/Users/jdromeroherrera/Desktop/CODE/axolopcrm/website/node_modules/@babel/parser/lib/index.js:13520:10)
      at JSXParserMixin.parseExportDefaultExpression (/Users/jdromeroherrera/Desktop/CODE/axolopcrm/website/node_modules/@babel/parser/lib/index.js:13983:19)
      at JSXParserMixin.parseExport (/Users/jdromeroherrera/Desktop/CODE/axolopcrm/website/node_modules/@babel/parser/lib/index.js:13904:25)
      at JSXParserMixin.parseStatementContent (/Users/jdromeroherrera/Desktop/CODE/axolopcrm/website/node_modules/@babel/parser/lib/index.js:12954:27)
      at JSXParserMixin.parseStatementLike (/Users/jdromeroherrera/Desktop/CODE/axolopcrm/website/node_modules/@babel/parser/lib/index.js:12843:17)
      at JSXParserMixin.parseModuleItem (/Users/jdromeroherrera/Desktop/CODE/axolopcrm/website/node_modules/@babel/parser/lib/index.js:12820:17)
      at JSXParserMixin.parseBlockOrModuleBlockBody (/Users/jdromeroherrera/Desktop/CODE/axolopcrm/website/node_modules/@babel/parser/lib/index.js:13392:36)
      at JSXParserMixin.parseBlockBody (/Users/jdromeroherrera/Desktop/CODE/axolopcrm/website/node_modules/@babel/parser/lib/index.js:13385:10)
      at JSXParserMixin.parseProgram (/Users/jdromeroherrera/Desktop/CODE/axolopcrm/website/node_modules/@babel/parser/lib/index.js:12698:10)
      at JSXParserMixin.parseTopLevel (/Users/jdromeroherrera/Desktop/CODE/axolopcrm/website/node_modules/@babel/parser/lib/index.js:12688:25)
      at JSXParserMixin.parse (/Users/jdromeroherrera/Desktop/CODE/axolopcrm/website/node_modules/@babel/parser/lib/index.js:14568:25)
      at parse (/Users/jdromeroherrera/Desktop/CODE/axolopcrm/website/node_modules/@babel/parser/lib/index.js:14602:38)
      at parser (/Users/jdromeroherrera/Desktop/CODE/axolopcrm/website/node_modules/@babel/core/lib/parser/index.js:41:34)
      at parser.next (<anonymous>)
7:52:34 AM [vite] hmr update /frontend/pages/formBuilder/QuestionRenderer.jsx, /frontend/styles/globals.css
